#! /opt/local/bin/vvp
:ivl_version "12.0 (stable)";
:ivl_delay_selection "TYPICAL";
:vpi_time_precision + 0;
:vpi_module "/opt/local/lib/ivl/system.vpi";
:vpi_module "/opt/local/lib/ivl/vhdl_sys.vpi";
:vpi_module "/opt/local/lib/ivl/vhdl_textio.vpi";
:vpi_module "/opt/local/lib/ivl/v2005_math.vpi";
:vpi_module "/opt/local/lib/ivl/va_math.vpi";
S_0x7f9125105970 .scope module, "RegisterTestbench" "RegisterTestbench" 2 4;
 .timescale 0 0;
v0x600002464240_0 .var "clock", 0 0;
v0x6000024642d0_0 .var "r_enable", 0 0;
v0x600002464360_0 .var "value_in", 31 0;
v0x6000024643f0_0 .net "value_out", 31 0, v0x600002464120_0;  1 drivers
S_0x7f9125104790 .scope module, "r" "Register" 2 16, 3 3 0, S_0x7f9125105970;
 .timescale 0 0;
    .port_info 0 /INPUT 1 "clock";
    .port_info 1 /INPUT 1 "r_enable";
    .port_info 2 /INPUT 32 "data_in";
    .port_info 3 /OUTPUT 32 "data_out";
v0x600002464000_0 .net "clock", 0 0, v0x600002464240_0;  1 drivers
v0x600002464090_0 .net "data_in", 31 0, v0x600002464360_0;  1 drivers
v0x600002464120_0 .var "data_out", 31 0;
v0x6000024641b0_0 .net "r_enable", 0 0, v0x6000024642d0_0;  1 drivers
E_0x600000360c40 .event posedge, v0x600002464000_0;
    .scope S_0x7f9125104790;
T_0 ;
    %wait E_0x600000360c40;
    %load/vec4 v0x6000024641b0_0;
    %flag_set/vec4 8;
    %jmp/0xz  T_0.0, 8;
    %load/vec4 v0x600002464090_0;
    %assign/vec4 v0x600002464120_0, 0;
T_0.0 ;
    %jmp T_0;
    .thread T_0;
    .scope S_0x7f9125105970;
T_1 ;
    %pushi/vec4 0, 0, 1;
    %store/vec4 v0x600002464240_0, 0, 1;
    %pushi/vec4 1, 0, 1;
    %store/vec4 v0x6000024642d0_0, 0, 1;
    %end;
    .thread T_1;
    .scope S_0x7f9125105970;
T_2 ;
    %delay 1, 0;
    %load/vec4 v0x600002464240_0;
    %nor/r;
    %store/vec4 v0x600002464240_0, 0, 1;
    %jmp T_2;
    .thread T_2;
    .scope S_0x7f9125105970;
T_3 ;
    %vpi_call 2 13 "$dumpfile", "registertestbench.vcd" {0 0 0};
    %end;
    .thread T_3;
    .scope S_0x7f9125105970;
T_4 ;
    %vpi_call 2 14 "$dumpvars", 32'sb00000000000000000000000000000000, S_0x7f9125105970 {0 0 0};
    %end;
    .thread T_4;
    .scope S_0x7f9125105970;
T_5 ;
    %delay 5, 0;
    %pushi/vec4 31, 0, 32;
    %store/vec4 v0x600002464360_0, 0, 32;
    %delay 5, 0;
    %pushi/vec4 127, 0, 32;
    %store/vec4 v0x600002464360_0, 0, 32;
    %delay 5, 0;
    %pushi/vec4 0, 0, 1;
    %store/vec4 v0x6000024642d0_0, 0, 1;
    %delay 5, 0;
    %pushi/vec4 1023, 0, 32;
    %store/vec4 v0x600002464360_0, 0, 32;
    %delay 5, 0;
    %vpi_call 2 24 "$finish" {0 0 0};
    %end;
    .thread T_5;
# The file index is used to find the file name in the following table.
:file_names 4;
    "N/A";
    "<interactive>";
    "RegTB.v";
    "./reg.v";
